[debug] [2026-06-15T11:13:10.331Z] ----------------------------------------------------------------------
[debug] [2026-06-15T11:13:10.333Z] Command:       /nix/store/b3x7xvp565xqlj0whi2giwgbrplfwfpb-nodejs-22.16.0/bin/node /home/user/.global_modules/bin/firebase init functions
[debug] [2026-06-15T11:13:10.334Z] CLI Version:   15.20.0
[debug] [2026-06-15T11:13:10.334Z] Platform:      linux
[debug] [2026-06-15T11:13:10.334Z] Node Version:  v22.16.0
[debug] [2026-06-15T11:13:10.334Z] Time:          Mon Jun 15 2026 11:13:10 GMT+0000 (Coordinated Universal Time)
[debug] [2026-06-15T11:13:10.335Z] ----------------------------------------------------------------------
[debug] 
[debug] [2026-06-15T11:13:10.337Z] >>> [apiv2][query] GET https://firebase-public.firebaseio.com/cli.json [none]
[debug] [2026-06-15T11:13:11.260Z] No OAuth tokens found
[debug] [2026-06-15T11:13:11.261Z] No OAuth tokens found
[error] Failed to fetch Firebase Project from current Studio Workspace: Unable to refresh auth: not yet authenticated.
[info] 
     ######## #### ########  ######## ########     ###     ######  ########
     ##        ##  ##     ## ##       ##     ##  ##   ##  ##       ##
     ######    ##  ########  ######   ########  #########  ######  ######
     ##        ##  ##    ##  ##       ##     ## ##     ##       ## ##
     ##       #### ##     ## ######## ########  ##     ##  ######  ########

You're about to initialize a Firebase project in this directory:

  /home/user/wakeru

[info] 
=== Project Setup
[info] 
[info] First, let's associate this project directory with a Firebase project.
[info] You can create multiple project aliases by running firebase use --add, 
[info] 
[debug] [2026-06-15T11:13:11.683Z] <<< [apiv2][status] GET https://firebase-public.firebaseio.com/cli.json 200
[debug] [2026-06-15T11:13:11.683Z] <<< [apiv2][body] GET https://firebase-public.firebaseio.com/cli.json {"cloudBuildErrorAfter":1594252800000,"cloudBuildWarnAfter":1590019200000,"defaultNode10After":1594252800000,"minVersion":"3.0.5","node8DeploysDisabledAfter":1613390400000,"node8RuntimeDisabledAfter":1615809600000,"node8WarnAfter":1600128000000}
